

Started GET "/" for 127.0.0.1 at 2019-01-03 01:06:05 +0530


Started GET "/help" for 127.0.0.1 at 2019-01-03 01:08:43 +0530


Started GET "/" for 127.0.0.1 at 2019-01-03 01:08:47 +0530


Started GET "/" for 127.0.0.1 at 2019-01-03 01:08:49 +0530


Started GET "/" for 127.0.0.1 at 2019-01-03 01:08:49 +0530


Started GET "/" for 127.0.0.1 at 2019-01-03 01:08:49 +0530


Started GET "/" for 127.0.0.1 at 2019-01-03 01:08:50 +0530


Started GET "/" for 127.0.0.1 at 2019-01-03 01:08:50 +0530


Started GET "/" for 127.0.0.1 at 2019-01-03 01:08:50 +0530


Started GET "/" for 127.0.0.1 at 2019-01-03 01:10:31 +0530


Started GET "/" for 127.0.0.1 at 2019-01-03 01:10:41 +0530


Started GET "/" for 127.0.0.1 at 2019-01-03 02:43:11 +0530


Started GET "/" for 127.0.0.1 at 2019-01-03 02:43:11 +0530


Started GET "/" for 127.0.0.1 at 2019-01-03 02:43:11 +0530


Started GET "/" for 127.0.0.1 at 2019-01-03 02:43:12 +0530


Started GET "/" for 127.0.0.1 at 2019-01-03 02:43:12 +0530


Started GET "/" for 127.0.0.1 at 2019-01-03 02:43:12 +0530


Started GET "/" for 127.0.0.1 at 2019-01-03 02:43:25 +0530


Started GET "/" for 127.0.0.1 at 2019-01-03 02:43:57 +0530


Started GET "/" for 127.0.0.1 at 2019-01-03 02:48:16 +0530


Started GET "/" for 127.0.0.1 at 2019-01-03 02:52:52 +0530


Started GET "/" for 127.0.0.1 at 2019-01-03 02:56:45 +0530
  [1m[36m (87.6ms)[0m  [1mCREATE TABLE "schema_migrations" ("version" varchar NOT NULL) [0m
  [1m[35m (0.3ms)[0m  select sqlite_version(*)
  [1m[36m (106.9ms)[0m  [1mCREATE UNIQUE INDEX "unique_schema_migrations" ON "schema_migrations" ("version")[0m
  [1m[35mActiveRecord::SchemaMigration Load (0.2ms)[0m  SELECT "schema_migrations".* FROM "schema_migrations"
Migrating to CreateUsers (20181230182426)
  [1m[36m (0.2ms)[0m  [1mbegin transaction[0m
  [1m[35m (0.9ms)[0m  CREATE TABLE "users" ("id" INTEGER PRIMARY KEY AUTOINCREMENT NOT NULL, "name" varchar, "email" varchar, "created_at" datetime NOT NULL, "updated_at" datetime NOT NULL) 
  [1m[36mSQL (0.3ms)[0m  [1mINSERT INTO "schema_migrations" ("version") VALUES (?)[0m  [["version", "20181230182426"]]
  [1m[35m (84.1ms)[0m  commit transaction
Migrating to AddIndexToUsersEmail (20181230202253)
  [1m[36m (0.2ms)[0m  [1mbegin transaction[0m
  [1m[35m (0.6ms)[0m  CREATE UNIQUE INDEX "index_users_on_email" ON "users" ("email")
  [1m[36mSQL (0.2ms)[0m  [1mINSERT INTO "schema_migrations" ("version") VALUES (?)[0m  [["version", "20181230202253"]]
  [1m[35m (112.0ms)[0m  commit transaction
Migrating to AddPasswordDigestToUsers (20181230205259)
  [1m[36m (0.2ms)[0m  [1mbegin transaction[0m
  [1m[35m (0.8ms)[0m  ALTER TABLE "users" ADD "password_digest" varchar
  [1m[36mSQL (0.3ms)[0m  [1mINSERT INTO "schema_migrations" ("version") VALUES (?)[0m  [["version", "20181230205259"]]
  [1m[35m (55.8ms)[0m  commit transaction
Migrating to AddRememberDigestToUsers (20190101202610)
  [1m[36m (0.2ms)[0m  [1mbegin transaction[0m
  [1m[35m (0.8ms)[0m  ALTER TABLE "users" ADD "remember_digest" varchar
  [1m[36mSQL (0.3ms)[0m  [1mINSERT INTO "schema_migrations" ("version") VALUES (?)[0m  [["version", "20190101202610"]]
  [1m[35m (44.6ms)[0m  commit transaction
  [1m[36mActiveRecord::SchemaMigration Load (0.3ms)[0m  [1mSELECT "schema_migrations".* FROM "schema_migrations"[0m
  [1m[35m (0.4ms)[0m              SELECT sql
            FROM sqlite_master
            WHERE name='index_users_on_email' AND type='index'
            UNION ALL
            SELECT sql
            FROM sqlite_temp_master
            WHERE name='index_users_on_email' AND type='index'



Started GET "/" for 127.0.0.1 at 2019-01-03 03:19:20 +0530
  [1m[36mActiveRecord::SchemaMigration Load (0.3ms)[0m  [1mSELECT "schema_migrations".* FROM "schema_migrations"[0m
Processing by StaticPageController#home as HTML
  Rendered static_page/home.html.erb within layouts/application (12665.9ms)
  Rendered layouts/_shim.html.erb (0.7ms)
  Rendered layouts/_header.html.erb (14.4ms)
  Rendered layouts/_footer.html.erb (1.3ms)
Completed 200 OK in 13100ms (Views: 13070.5ms | ActiveRecord: 0.0ms)


Started GET "/assets/custom.self-a1dfab81691d65e7259a655a5ca7004b342cca8f24423dd2d2aaaac9f7c01d00.css?body=1" for 127.0.0.1 at 2019-01-03 03:19:33 +0530


Started GET "/assets/application.self-565a90fd247bd9ef75cf5f71be1e11e37c3ad80695d8bdfb331fe844afbe0a9e.css?body=1" for 127.0.0.1 at 2019-01-03 03:19:33 +0530


Started GET "/assets/jquery.self-d03a5518f45df77341bdbe6201ba3bfa547ebba8ed64f0ea56bfa5f96ea7c074.js?body=1" for 127.0.0.1 at 2019-01-03 03:19:33 +0530


Started GET "/assets/session.self-e3b0c44298fc1c149afbf4c8996fb92427ae41e4649b934ca495991b7852b855.css?body=1" for 127.0.0.1 at 2019-01-03 03:19:33 +0530


Started GET "/assets/static_page.self-e3b0c44298fc1c149afbf4c8996fb92427ae41e4649b934ca495991b7852b855.css?body=1" for 127.0.0.1 at 2019-01-03 03:19:33 +0530


Started GET "/assets/users.self-e3b0c44298fc1c149afbf4c8996fb92427ae41e4649b934ca495991b7852b855.css?body=1" for 127.0.0.1 at 2019-01-03 03:19:33 +0530


Started GET "/assets/jquery_ujs.self-8e98a7a072a6cee1372d19fff9ff3e6aa1e39a37d89d6f06861637d061113ee7.js?body=1" for 127.0.0.1 at 2019-01-03 03:19:34 +0530


Started GET "/assets/bootstrap.self-cdea7efeac1597b89ddd6fd86b0e8e0bec5d5fb1fac9c6e8a045f2c59eef2d13.js?body=1" for 127.0.0.1 at 2019-01-03 03:19:34 +0530


Started GET "/assets/turbolinks.self-0a993f73466e2d0b5abaddcfe64e28fc7be51a14bf4bdd9774b57832c76b5c37.js?body=1" for 127.0.0.1 at 2019-01-03 03:19:34 +0530


Started GET "/assets/session.self-877aef30ae1b040ab8a3aba4e3e309a11d7f2612f44dde450b5c157aa5f95c05.js?body=1" for 127.0.0.1 at 2019-01-03 03:19:34 +0530


Started GET "/assets/static_page.self-877aef30ae1b040ab8a3aba4e3e309a11d7f2612f44dde450b5c157aa5f95c05.js?body=1" for 127.0.0.1 at 2019-01-03 03:19:34 +0530


Started GET "/assets/users.self-877aef30ae1b040ab8a3aba4e3e309a11d7f2612f44dde450b5c157aa5f95c05.js?body=1" for 127.0.0.1 at 2019-01-03 03:19:34 +0530


Started GET "/assets/application.self-120f3cf1cb67bea53c4a2a57336b34ca04b04b55a55c38cf76ce20a147e5eff9.js?body=1" for 127.0.0.1 at 2019-01-03 03:19:34 +0530


Started GET "/assets/Ruby_on_Rails-logo-03bb170d74e34a9d3ab9157113c6ab68d2eb4a61a1a7ec5f77e45bc55d9e168e.png" for 127.0.0.1 at 2019-01-03 03:19:34 +0530


Started GET "/signup" for 127.0.0.1 at 2019-01-03 03:19:39 +0530
Processing by UsersController#new as HTML
  Rendered shared/_error_messages.html.erb (7.0ms)
  Rendered users/new.html.erb within layouts/application (1034.3ms)
  Rendered layouts/_shim.html.erb (0.8ms)
  Rendered layouts/_header.html.erb (2.0ms)
  Rendered layouts/_footer.html.erb (0.6ms)
Completed 200 OK in 1185ms (Views: 1156.7ms | ActiveRecord: 0.9ms)


Started POST "/users" for 127.0.0.1 at 2019-01-03 03:20:00 +0530
Processing by UsersController#create as HTML
  Parameters: {"utf8"=>"✓", "authenticity_token"=>"M2jXe1MFoQplwYrGNsTV02CAUiym14i7pAVmWSzlm9Bd0FqsKjrUqLsJBTqxukC7Cp4qJIVBJGXdvEF7IKyLLw==", "user"=>{"name"=>"joel", "email"=>"rap@gmail.com", "password"=>"[FILTERED]", "password_confirmation"=>"[FILTERED]"}, "commit"=>"Create my account"}
  [1m[35m (0.2ms)[0m  begin transaction
  [1m[36mUser Exists (0.4ms)[0m  [1mSELECT  1 AS one FROM "users" WHERE LOWER("users"."email") = LOWER('rap@gmail.com') LIMIT 1[0m
  [1m[35mSQL (1.4ms)[0m  INSERT INTO "users" ("name", "email", "password_digest", "created_at", "updated_at") VALUES (?, ?, ?, ?, ?)  [["name", "joel"], ["email", "rap@gmail.com"], ["password_digest", "$2a$10$Qpe3QpGjMrBr05aeZT.KYuukCTF0sWCqw35SEELP1Iz5GmLaPDzEK"], ["created_at", "2019-01-02 21:50:01.107494"], ["updated_at", "2019-01-02 21:50:01.107494"]]
  [1m[36m (105.0ms)[0m  [1mcommit transaction[0m
Redirected to http://localhost:3000/users/1
Completed 302 Found in 413ms (ActiveRecord: 106.9ms)


Started GET "/users/1" for 127.0.0.1 at 2019-01-03 03:20:01 +0530
Processing by UsersController#show as HTML
  Parameters: {"id"=>"1"}
  [1m[35mUser Load (0.7ms)[0m  SELECT  "users".* FROM "users" WHERE "users"."id" = ? LIMIT 1  [["id", 1]]
  Rendered users/show.html.erb within layouts/application (1.4ms)
  Rendered layouts/_shim.html.erb (0.0ms)
  [1m[36mUser Load (0.1ms)[0m  [1mSELECT  "users".* FROM "users" WHERE "users"."id" = ? LIMIT 1[0m  [["id", 1]]
  Rendered layouts/_header.html.erb (0.9ms)
  Rendered layouts/_footer.html.erb (0.0ms)
Completed 200 OK in 84ms (Views: 57.9ms | ActiveRecord: 0.8ms)


Started DELETE "/logout" for 127.0.0.1 at 2019-01-03 03:20:11 +0530
Processing by SessionController#destroy as HTML
  Parameters: {"authenticity_token"=>"mRu3EbOFALV3l0hBnKd2PpwtJf2ldNpeacgwUwLtUrn3ozrGyrp1F6lfx70b2eNW9jNd9YbidoAQcRdxDqRCRg=="}
  [1m[35mUser Load (0.3ms)[0m  SELECT  "users".* FROM "users" WHERE "users"."id" = ? LIMIT 1  [["id", 1]]
  [1m[36m (0.2ms)[0m  [1mbegin transaction[0m
  [1m[35m (0.2ms)[0m  commit transaction
Redirected to http://localhost:3000/
Completed 302 Found in 7ms (ActiveRecord: 0.7ms)


Started GET "/" for 127.0.0.1 at 2019-01-03 03:20:11 +0530
Processing by StaticPageController#home as HTML
  Rendered static_page/home.html.erb within layouts/application (2.6ms)
  Rendered layouts/_shim.html.erb (0.1ms)
  Rendered layouts/_header.html.erb (0.7ms)
  Rendered layouts/_footer.html.erb (0.1ms)
Completed 200 OK in 91ms (Views: 89.8ms | ActiveRecord: 0.0ms)


Started GET "/" for 127.0.0.1 at 2019-01-03 10:13:00 +0530
  [1m[36mActiveRecord::SchemaMigration Load (0.3ms)[0m  [1mSELECT "schema_migrations".* FROM "schema_migrations"[0m
Processing by StaticPageController#home as HTML
  Rendered static_page/home.html.erb within layouts/application (879.5ms)
  Rendered layouts/_shim.html.erb (0.7ms)
  Rendered layouts/_header.html.erb (13.6ms)
  Rendered layouts/_footer.html.erb (0.8ms)
Completed 200 OK in 1210ms (Views: 1181.1ms | ActiveRecord: 0.0ms)


Started GET "/signup" for 127.0.0.1 at 2019-01-03 10:21:32 +0530
Processing by UsersController#new as HTML
  Rendered shared/_error_messages.html.erb (13.2ms)
  Rendered users/new.html.erb within layouts/application (1036.5ms)
  Rendered layouts/_shim.html.erb (0.7ms)
  Rendered layouts/_header.html.erb (2.4ms)
  Rendered layouts/_footer.html.erb (0.6ms)
Completed 200 OK in 1243ms (Views: 1211.5ms | ActiveRecord: 1.2ms)


Started GET "/login" for 127.0.0.1 at 2019-01-03 10:21:34 +0530
Processing by SessionController#new as HTML
  Rendered session/new.html.erb within layouts/application (5.1ms)
  Rendered layouts/_shim.html.erb (0.1ms)
  Rendered layouts/_header.html.erb (0.6ms)
  Rendered layouts/_footer.html.erb (0.1ms)
Completed 200 OK in 135ms (Views: 132.8ms | ActiveRecord: 0.0ms)


Started POST "/login" for 127.0.0.1 at 2019-01-03 10:21:37 +0530
Processing by SessionController#create as HTML
  Parameters: {"utf8"=>"✓", "authenticity_token"=>"Hjd8F89NxX4eGSC9ER1DVcfMsgkpZw/kXih4qdMlYyhE1sww6+MsAJHVIzA+CQiYP9Dez7wv0KCF+G8C58xFtQ==", "session"=>{"email"=>"rap@gmail.com", "password"=>"[FILTERED]"}, "commit"=>"Log in"}
  [1m[35mUser Load (0.5ms)[0m  SELECT  "users".* FROM "users" WHERE "users"."email" = ? LIMIT 1  [["email", "rap@gmail.com"]]
  [1m[36m (0.2ms)[0m  [1mbegin transaction[0m
  [1m[35mSQL (0.8ms)[0m  UPDATE "users" SET "remember_digest" = ?, "updated_at" = ? WHERE "users"."id" = ?  [["remember_digest", "$2a$10$MVZW29gVBZeAFfXTqwoO2e.EItC6OsyjBhPTvHD8Jec6itRouSRV6"], ["updated_at", "2019-01-03 04:51:37.718182"], ["id", 1]]
  [1m[36m (87.0ms)[0m  [1mcommit transaction[0m
Redirected to http://localhost:3000/users/1
Completed 302 Found in 663ms (ActiveRecord: 88.5ms)


Started GET "/users/1" for 127.0.0.1 at 2019-01-03 10:21:37 +0530
Processing by UsersController#show as HTML
  Parameters: {"id"=>"1"}
  [1m[35mUser Load (0.4ms)[0m  SELECT  "users".* FROM "users" WHERE "users"."id" = ? LIMIT 1  [["id", 1]]
  Rendered users/show.html.erb within layouts/application (2.2ms)
  Rendered layouts/_shim.html.erb (0.1ms)
  [1m[36mUser Load (0.2ms)[0m  [1mSELECT  "users".* FROM "users" WHERE "users"."id" = ? LIMIT 1[0m  [["id", 1]]
  Rendered layouts/_header.html.erb (2.9ms)
  Rendered layouts/_footer.html.erb (0.1ms)
Completed 200 OK in 130ms (Views: 125.3ms | ActiveRecord: 0.6ms)


Started GET "/users/1" for 127.0.0.1 at 2019-01-03 10:36:48 +0530
Processing by UsersController#show as HTML
  Parameters: {"id"=>"1"}
  [1m[35mUser Load (0.3ms)[0m  SELECT  "users".* FROM "users" WHERE "users"."id" = ? LIMIT 1  [["id", 1]]
  Rendered users/show.html.erb within layouts/application (1.2ms)
  Rendered layouts/_shim.html.erb (0.1ms)
  [1m[36mUser Load (0.2ms)[0m  [1mSELECT  "users".* FROM "users" WHERE "users"."id" = ? LIMIT 1[0m  [["id", 1]]
  Rendered layouts/_header.html.erb (4.5ms)
  Rendered layouts/_footer.html.erb (0.1ms)
Completed 200 OK in 106ms (Views: 86.9ms | ActiveRecord: 1.5ms)


Started GET "/users/1" for 127.0.0.1 at 2019-01-03 10:36:50 +0530
Processing by UsersController#show as HTML
  Parameters: {"id"=>"1"}
  [1m[35mUser Load (0.2ms)[0m  SELECT  "users".* FROM "users" WHERE "users"."id" = ? LIMIT 1  [["id", 1]]
  Rendered users/show.html.erb within layouts/application (0.6ms)
  Rendered layouts/_shim.html.erb (0.1ms)
  [1m[36mUser Load (0.3ms)[0m  [1mSELECT  "users".* FROM "users" WHERE "users"."id" = ? LIMIT 1[0m  [["id", 1]]
  Rendered layouts/_header.html.erb (4.1ms)
  Rendered layouts/_footer.html.erb (0.1ms)
Completed 200 OK in 102ms (Views: 98.9ms | ActiveRecord: 0.5ms)


Started GET "/users/1" for 127.0.0.1 at 2019-01-03 10:36:51 +0530
Processing by UsersController#show as HTML
  Parameters: {"id"=>"1"}
  [1m[35mUser Load (0.5ms)[0m  SELECT  "users".* FROM "users" WHERE "users"."id" = ? LIMIT 1  [["id", 1]]
  Rendered users/show.html.erb within layouts/application (0.3ms)
  Rendered layouts/_shim.html.erb (0.1ms)
  [1m[36mUser Load (0.2ms)[0m  [1mSELECT  "users".* FROM "users" WHERE "users"."id" = ? LIMIT 1[0m  [["id", 1]]
  Rendered layouts/_header.html.erb (2.0ms)
  Rendered layouts/_footer.html.erb (0.1ms)
Completed 200 OK in 90ms (Views: 87.6ms | ActiveRecord: 0.7ms)


Started GET "/login" for 127.0.0.1 at 2019-01-03 10:36:52 +0530
Processing by SessionController#new as HTML
  Rendered session/new.html.erb within layouts/application (3.5ms)
  Rendered layouts/_shim.html.erb (0.1ms)
  [1m[35mUser Load (0.2ms)[0m  SELECT  "users".* FROM "users" WHERE "users"."id" = ? LIMIT 1  [["id", 1]]
  Rendered layouts/_header.html.erb (1.8ms)
  Rendered layouts/_footer.html.erb (0.3ms)
Completed 200 OK in 109ms (Views: 107.0ms | ActiveRecord: 0.2ms)


Started POST "/login" for 127.0.0.1 at 2019-01-03 10:36:54 +0530
Processing by SessionController#create as HTML
  Parameters: {"utf8"=>"✓", "authenticity_token"=>"reSxrqtMQ3aJOvR4Zg6rJuCxgI0zu/y0kLUSJVzZuxP3BQGJj+KqCAb29/VJGuDrGK3sS6bzI/BLZQWOaDCdjg==", "session"=>{"email"=>"rap@gmail.com", "password"=>"[FILTERED]"}, "commit"=>"Log in"}
  [1m[36mUser Load (0.4ms)[0m  [1mSELECT  "users".* FROM "users" WHERE "users"."email" = ? LIMIT 1[0m  [["email", "rap@gmail.com"]]
  [1m[35m (0.2ms)[0m  begin transaction
  [1m[36mSQL (0.5ms)[0m  [1mUPDATE "users" SET "remember_digest" = ?, "updated_at" = ? WHERE "users"."id" = ?[0m  [["remember_digest", "$2a$10$fmZrAkoMW4.jxObXcGbOpuYkhlN/8fykcTHn3wPBNo8OR/EPOGFU6"], ["updated_at", "2019-01-03 05:06:55.456890"], ["id", 1]]
  [1m[35m (93.0ms)[0m  commit transaction
Redirected to http://localhost:3000/users/1
Completed 302 Found in 571ms (ActiveRecord: 94.1ms)


Started GET "/users/1" for 127.0.0.1 at 2019-01-03 10:36:55 +0530
Processing by UsersController#show as HTML
  Parameters: {"id"=>"1"}
  [1m[36mUser Load (0.2ms)[0m  [1mSELECT  "users".* FROM "users" WHERE "users"."id" = ? LIMIT 1[0m  [["id", 1]]
  Rendered users/show.html.erb within layouts/application (0.3ms)
  Rendered layouts/_shim.html.erb (0.1ms)
  [1m[35mUser Load (0.2ms)[0m  SELECT  "users".* FROM "users" WHERE "users"."id" = ? LIMIT 1  [["id", 1]]
  Rendered layouts/_header.html.erb (2.5ms)
  Rendered layouts/_footer.html.erb (0.1ms)
Completed 200 OK in 105ms (Views: 103.3ms | ActiveRecord: 0.4ms)


Started GET "/users/1/edit" for 127.0.0.1 at 2019-01-03 10:36:57 +0530


Started GET "/users/1/edit" for 127.0.0.1 at 2019-01-03 10:36:57 +0530
